Построение начато 3/30/2020 1:24:37 PM.
Проект "Z:\ipxserver\ipxserver.vcxproj" в узле 2 (целевые объекты build).
InitializeBuildStatus:
  Обращение к "Debug\ipxserver.unsuccessfulbuild".
ClCompile:
  C:\Program Files\Microsoft Visual Studio 10.0\VC\bin\CL.exe /c /ZI /nologo /W3 /WX- /Od /Oy- /D _MBCS /Gm /EHsc /RTC1 /MDd /GS /fp:precise /Zc:wchar_t /Zc:forScope /Fo"Debug\\" /Fd"Debug\vc100.pdb" /Gd /TP /analyze- /errorReport:prompt main.cpp
  main.cpp
z:\ipxserver\main.cpp(82): warning C4018: <: несоответствие типов со знаком и без знака
z:\ipxserver\main.cpp(84): warning C4018: <: несоответствие типов со знаком и без знака
z:\ipxserver\main.cpp(90): warning C4244: инициализация: преобразование "double" в "float", возможна потеря данных
z:\ipxserver\main.cpp(92): warning C4018: <: несоответствие типов со знаком и без знака
z:\ipxserver\main.cpp(112): warning C4018: <: несоответствие типов со знаком и без знака
z:\ipxserver\main.cpp(145): warning C4996: 'fopen': This function or variable may be unsafe. Consider using fopen_s instead. To disable deprecation, use _CRT_SECURE_NO_WARNINGS. See online help for details.
          c:\program files\microsoft visual studio 10.0\vc\include\stdio.h(234): см. объявление "fopen"
Link:
  C:\Program Files\Microsoft Visual Studio 10.0\VC\bin\link.exe /ERRORREPORT:PROMPT /OUT:"Z:\ipxserver\Debug\ipxserver.exe" /NOLOGO kernel32.lib user32.lib gdi32.lib winspool.lib comdlg32.lib advapi32.lib shell32.lib ole32.lib oleaut32.lib uuid.lib odbc32.lib odbccp32.lib /MANIFEST /ManifestFile:"Debug\ipxserver.exe.intermediate.manifest" /MANIFESTUAC:"level='asInvoker' uiAccess='false'" /DEBUG /PDB:"Z:\ipxserver\Debug\ipxserver.pdb" /TLBID:1 /DYNAMICBASE /NXCOMPAT /IMPLIB:"Z:\ipxserver\Debug\ipxserver.lib" /MACHINE:X86 Debug\main.obj
  ipxserver.vcxproj -> Z:\ipxserver\Debug\ipxserver.exe
Manifest:
  C:\Program Files\Microsoft SDKs\Windows\v7.0A\bin\mt.exe /nologo /verbose /outputresource:"Z:\ipxserver\Debug\ipxserver.exe;#1" /manifest Debug\ipxserver.exe.intermediate.manifest
FinalizeBuildStatus:
  Файл "Debug\ipxserver.unsuccessfulbuild" удаляется.
  Обращение к "Debug\ipxserver.lastbuildstate".
Построение проекта "Z:\ipxserver\ipxserver.vcxproj" завершено (целевые объекты build).

Построение успешно завершено.

Затраченное время: 00:00:01.04
