2019-10-18 18:02:44.603 MSK [11368] СООБЩЕНИЕ:  система БД была выключена: 2019-10-18 18:02:27 MSK
2019-10-18 18:02:44.676 MSK [5204] СООБЩЕНИЕ:  система БД готова принимать подключения
2019-10-18 18:30:56.235 MSK [9852] ВАЖНО:  пользователь "admin" не прошёл проверку подлинности (по паролю)
2019-10-18 18:30:56.235 MSK [9852] ПОДРОБНОСТИ:  Роль "admin" не существует.
	Подключение соответствует строке 80 в pg_hba.conf: "host    all             all             127.0.0.1/32            md5"
2019-10-18 21:40:49.928 MSK [7692] РћРЁРР‘РљРђ:  РѕС€РёР±РєР° СЃРёРЅС‚Р°РєСЃРёСЃР° (РїСЂРёРјРµСЂРЅРѕРµ РїРѕР»РѕР¶РµРЅРёРµ: "{") (СЃРёРјРІРѕР» 18)
2019-10-18 21:40:49.928 MSK [7692] РћРџР•Р РђРўРћР :  CREATE TABLE test{
	    id SERIAL PRIMARY KEY,
	    date DATE,
	    somestring VARCHAR
	    }
2019-10-18 21:42:04.498 MSK [12324] РћРЁРР‘РљРђ:  СѓРґР°Р»РёС‚СЊ Р±Р°Р·Сѓ РґР°РЅРЅС‹С…, РѕС‚РєСЂС‹С‚СѓСЋ РІ РґР°РЅРЅС‹Р№ РјРѕРјРµРЅС‚, РЅРµР»СЊР·СЏ
2019-10-18 21:42:04.498 MSK [12324] РћРџР•Р РђРўРћР :  drop database postgres
2019-10-18 21:42:11.593 MSK [7692] РћРЁРР‘РљРђ:  РѕС‚РЅРѕС€РµРЅРёРµ "test" СѓР¶Рµ СЃСѓС‰РµСЃС‚РІСѓРµС‚
2019-10-18 21:42:11.593 MSK [7692] РћРџР•Р РђРўРћР :  CREATE TABLE test
	(
	    id         SERIAL PRIMARY KEY,
	    date       DATE,
	    somestring VARCHAR
	)
2019-10-18 21:44:50.856 MSK [12324] РћРЁРР‘РљРђ:  СѓРґР°Р»РёС‚СЊ Р±Р°Р·Сѓ РґР°РЅРЅС‹С…, РѕС‚РєСЂС‹С‚СѓСЋ РІ РґР°РЅРЅС‹Р№ РјРѕРјРµРЅС‚, РЅРµР»СЊР·СЏ
2019-10-18 21:44:50.856 MSK [12324] РћРџР•Р РђРўРћР :  drop database postgres
2019-10-18 21:45:33.242 MSK [2524] РћРЁРР‘РљРђ:  РѕС€РёР±РєР° СЃРёРЅС‚Р°РєСЃРёСЃР° (РїСЂРёРјРµСЂРЅРѕРµ РїРѕР»РѕР¶РµРЅРёРµ: "'bstu'") (СЃРёРјРІРѕР» 17)
2019-10-18 21:45:33.242 MSK [2524] РћРџР•Р РђРўРћР :  create database 'bstu'
2019-10-18 21:45:57.055 MSK [12324] РћРЁРР‘РљРђ:  Р±Р°Р·Р° РґР°РЅРЅС‹С… "bstu" СѓР¶Рµ СЃСѓС‰РµСЃС‚РІСѓРµС‚
2019-10-18 21:45:57.055 MSK [12324] РћРџР•Р РђРўРћР :  create database bstu
2019-10-18 21:47:33.265 MSK [12088] РћРЁРР‘РљРђ:  РѕС€РёР±РєР° СЃРёРЅС‚Р°РєСЃРёСЃР° (РїСЂРёРјРµСЂРЅРѕРµ РїРѕР»РѕР¶РµРЅРёРµ: ".") (СЃРёРјРІРѕР» 19)
2019-10-18 21:47:33.265 MSK [12088] РћРџР•Р РђРўРћР :  create schema bstu.bstu
2019-10-18 23:43:16.062 MSK [12088] РћРЁРР‘РљРђ:  РѕС€РёР±РєР° СЃРёРЅС‚Р°РєСЃРёСЃР° (РїСЂРёРјРµСЂРЅРѕРµ РїРѕР»РѕР¶РµРЅРёРµ: "1") (СЃРёРјРІРѕР» 26)
2019-10-18 23:43:16.062 MSK [12088] РћРџР•Р РђРўРћР :  insert into achievments (1, asd, asd)
2019-10-18 23:43:26.442 MSK [12088] РћРЁРР‘РљРђ:  РѕС€РёР±РєР° СЃРёРЅС‚Р°РєСЃРёСЃР° (РїСЂРёРјРµСЂРЅРѕРµ РїРѕР»РѕР¶РµРЅРёРµ: "1") (СЃРёРјРІРѕР» 1)
2019-10-18 23:43:26.442 MSK [12088] РћРџР•Р РђРўРћР :  1, asd, asd
2019-10-18 23:43:54.233 MSK [13148] РћРЁРР‘РљРђ:  Р·РЅР°С‡РµРЅРёРµ РЅРµ СѓРјРµС‰Р°РµС‚СЃСЏ РІ С‚РёРї character(1)
2019-10-18 23:43:54.233 MSK [13148] РћРџР•Р РђРўРћР :  INSERT INTO "bstu"."abiturients" ("id", "name", "surname", "patronymic", "phone_number", "adress", "sex") VALUES ($1, $2, $3, $4, $5, $6, $7)
