2019-11-02 14:40:57.884 MSK [5628] —ŒŒ¡Ÿ≈Õ»≈:  ÒËÒÚÂÏ‡ ¡ƒ ·˚Î‡ ‚˚ÍÎ˛˜ÂÌ‡: 2019-11-02 14:40:26 MSK
2019-11-02 14:40:57.941 MSK [5204] —ŒŒ¡Ÿ≈Õ»≈:  ÒËÒÚÂÏ‡ ¡ƒ „ÓÚÓ‚‡ ÔËÌËÏ‡Ú¸ ÔÓ‰ÍÎ˛˜ÂÌËˇ
2019-11-02 15:21:13.887 MSK [11128] –û–®–ò–ë–ö–ê:  —É–¥–∞–ª–∏—Ç—å –æ–±—ä–µ–∫—Ç –∏–Ω–¥–µ–∫—Å bstu.applications_pk_2 –Ω–µ–ª—å–∑—è, —Ç–∞–∫ –∫–∞–∫ –æ–Ω –Ω—É–∂–µ–Ω –æ–±—ä–µ–∫—Ç—É –æ–≥—Ä–∞–Ω–∏—á–µ–Ω–∏–µ applications_pk_2 –≤ –æ—Ç–Ω–æ—à–µ–Ω–∏–∏ —Ç–∞–±–ª–∏—Ü–∞ bstu.applications
2019-11-02 15:21:13.887 MSK [11128] –ü–û–î–°–ö–ê–ó–ö–ê:  –û–¥–Ω–∞–∫–æ –º–æ–∂–Ω–æ —É–¥–∞–ª–∏—Ç—å –æ–≥—Ä–∞–Ω–∏—á–µ–Ω–∏–µ applications_pk_2 –≤ –æ—Ç–Ω–æ—à–µ–Ω–∏–∏ —Ç–∞–±–ª–∏—Ü–∞ bstu.applications.
2019-11-02 15:21:13.887 MSK [11128] –û–ü–ï–†–ê–¢–û–†:  drop index bstu.applications_pk_2
2019-11-02 15:21:56.637 MSK [11128] –û–®–ò–ë–ö–ê:  —É–¥–∞–ª–∏—Ç—å –æ–±—ä–µ–∫—Ç –∏–Ω–¥–µ–∫—Å bstu.applications_pk_2 –Ω–µ–ª—å–∑—è, —Ç–∞–∫ –∫–∞–∫ –æ–Ω –Ω—É–∂–µ–Ω –æ–±—ä–µ–∫—Ç—É –æ–≥—Ä–∞–Ω–∏—á–µ–Ω–∏–µ applications_pk_2 –≤ –æ—Ç–Ω–æ—à–µ–Ω–∏–∏ —Ç–∞–±–ª–∏—Ü–∞ bstu.applications
2019-11-02 15:21:56.637 MSK [11128] –ü–û–î–°–ö–ê–ó–ö–ê:  –û–¥–Ω–∞–∫–æ –º–æ–∂–Ω–æ —É–¥–∞–ª–∏—Ç—å –æ–≥—Ä–∞–Ω–∏—á–µ–Ω–∏–µ applications_pk_2 –≤ –æ—Ç–Ω–æ—à–µ–Ω–∏–∏ —Ç–∞–±–ª–∏—Ü–∞ bstu.applications.
2019-11-02 15:21:56.637 MSK [11128] –û–ü–ï–†–ê–¢–û–†:  drop index bstu.applications_pk_2
2019-11-02 15:23:43.226 MSK [11128] –û–®–ò–ë–ö–ê:  —É–¥–∞–ª–∏—Ç—å –æ–±—ä–µ–∫—Ç –∏–Ω–¥–µ–∫—Å bstu.applications_pk_2 –Ω–µ–ª—å–∑—è, —Ç–∞–∫ –∫–∞–∫ –æ–Ω –Ω—É–∂–µ–Ω –æ–±—ä–µ–∫—Ç—É –æ–≥—Ä–∞–Ω–∏—á–µ–Ω–∏–µ applications_pk_2 –≤ –æ—Ç–Ω–æ—à–µ–Ω–∏–∏ —Ç–∞–±–ª–∏—Ü–∞ bstu.applications
2019-11-02 15:23:43.226 MSK [11128] –ü–û–î–°–ö–ê–ó–ö–ê:  –û–¥–Ω–∞–∫–æ –º–æ–∂–Ω–æ —É–¥–∞–ª–∏—Ç—å –æ–≥—Ä–∞–Ω–∏—á–µ–Ω–∏–µ applications_pk_2 –≤ –æ—Ç–Ω–æ—à–µ–Ω–∏–∏ —Ç–∞–±–ª–∏—Ü–∞ bstu.applications.
2019-11-02 15:23:43.226 MSK [11128] –û–ü–ï–†–ê–¢–û–†:  drop index bstu.applications_pk_2
2019-11-02 15:27:09.341 MSK [11128] –û–®–ò–ë–ö–ê:  —É–¥–∞–ª–∏—Ç—å –æ–±—ä–µ–∫—Ç –∏–Ω–¥–µ–∫—Å bstu.applications_pk_2 –Ω–µ–ª—å–∑—è, —Ç–∞–∫ –∫–∞–∫ –æ–Ω –Ω—É–∂–µ–Ω –æ–±—ä–µ–∫—Ç—É –æ–≥—Ä–∞–Ω–∏—á–µ–Ω–∏–µ applications_pk_2 –≤ –æ—Ç–Ω–æ—à–µ–Ω–∏–∏ —Ç–∞–±–ª–∏—Ü–∞ bstu.applications
2019-11-02 15:27:09.341 MSK [11128] –ü–û–î–°–ö–ê–ó–ö–ê:  –û–¥–Ω–∞–∫–æ –º–æ–∂–Ω–æ —É–¥–∞–ª–∏—Ç—å –æ–≥—Ä–∞–Ω–∏—á–µ–Ω–∏–µ applications_pk_2 –≤ –æ—Ç–Ω–æ—à–µ–Ω–∏–∏ —Ç–∞–±–ª–∏—Ü–∞ bstu.applications.
2019-11-02 15:27:09.341 MSK [11128] –û–ü–ï–†–ê–¢–û–†:  drop index bstu.applications_pk_2
2019-11-02 15:27:29.366 MSK [11128] –û–®–ò–ë–ö–ê:  —É–¥–∞–ª–∏—Ç—å –æ–±—ä–µ–∫—Ç –∏–Ω–¥–µ–∫—Å bstu.applications_pk_2 –Ω–µ–ª—å–∑—è, —Ç–∞–∫ –∫–∞–∫ –æ–Ω –Ω—É–∂–µ–Ω –æ–±—ä–µ–∫—Ç—É –æ–≥—Ä–∞–Ω–∏—á–µ–Ω–∏–µ applications_pk_2 –≤ –æ—Ç–Ω–æ—à–µ–Ω–∏–∏ —Ç–∞–±–ª–∏—Ü–∞ bstu.applications
2019-11-02 15:27:29.366 MSK [11128] –ü–û–î–°–ö–ê–ó–ö–ê:  –û–¥–Ω–∞–∫–æ –º–æ–∂–Ω–æ —É–¥–∞–ª–∏—Ç—å –æ–≥—Ä–∞–Ω–∏—á–µ–Ω–∏–µ applications_pk_2 –≤ –æ—Ç–Ω–æ—à–µ–Ω–∏–∏ —Ç–∞–±–ª–∏—Ü–∞ bstu.applications.
2019-11-02 15:27:29.366 MSK [11128] –û–ü–ï–†–ê–¢–û–†:  drop index bstu.applications_pk_2
2019-11-02 15:28:57.430 MSK [11128] –û–®–ò–ë–ö–ê:  —É–¥–∞–ª–∏—Ç—å –æ–±—ä–µ–∫—Ç —Ç–∞–±–ª–∏—Ü–∞ bstu.applications –Ω–µ–ª—å–∑—è, —Ç–∞–∫ –∫–∞–∫ –æ—Ç –Ω–µ–≥–æ –∑–∞–≤–∏—Å—è—Ç –¥—Ä—É–≥–∏–µ –æ–±—ä–µ–∫—Ç—ã
2019-11-02 15:28:57.430 MSK [11128] –ü–û–î–†–û–ë–ù–û–°–¢–ò:  –æ–≥—Ä–∞–Ω–∏—á–µ–Ω–∏–µ application_on_direction_applications_code_fk –≤ –æ—Ç–Ω–æ—à–µ–Ω–∏–∏ —Ç–∞–±–ª–∏—Ü–∞ bstu.application_on_direction –∑–∞–≤–∏—Å–∏—Ç –æ—Ç –æ–±—ä–µ–∫—Ç–∞ —Ç–∞–±–ª–∏—Ü–∞ bstu.applications
	–æ–≥—Ä–∞–Ω–∏—á–µ–Ω–∏–µ credited_applications_applications_code_fk –≤ –æ—Ç–Ω–æ—à–µ–Ω–∏–∏ —Ç–∞–±–ª–∏—Ü–∞ bstu.credited_applications –∑–∞–≤–∏—Å–∏—Ç –æ—Ç –æ–±—ä–µ–∫—Ç–∞ —Ç–∞–±–ª–∏—Ü–∞ bstu.applications
2019-11-02 15:28:57.430 MSK [11128] –ü–û–î–°–ö–ê–ó–ö–ê:  –î–ª—è —É–¥–∞–ª–µ–Ω–∏—è –∑–∞–≤–∏—Å–∏–º—ã—Ö –æ–±—ä–µ–∫—Ç–æ–≤ –∏—Å–ø–æ–ª—å–∑—É–π—Ç–µ DROP ... CASCADE.
2019-11-02 15:28:57.430 MSK [11128] –û–ü–ï–†–ê–¢–û–†:  drop table bstu.applications
2019-11-02 15:32:42.465 MSK [11128] –û–®–ò–ë–ö–ê:  —É–¥–∞–ª–∏—Ç—å –æ–±—ä–µ–∫—Ç –∏–Ω–¥–µ–∫—Å bstu.applications_pk_2 –Ω–µ–ª—å–∑—è, —Ç–∞–∫ –∫–∞–∫ –æ–Ω –Ω—É–∂–µ–Ω –æ–±—ä–µ–∫—Ç—É –æ–≥—Ä–∞–Ω–∏—á–µ–Ω–∏–µ applications_pk_2 –≤ –æ—Ç–Ω–æ—à–µ–Ω–∏–∏ —Ç–∞–±–ª–∏—Ü–∞ bstu.applications
2019-11-02 15:32:42.465 MSK [11128] –ü–û–î–°–ö–ê–ó–ö–ê:  –û–¥–Ω–∞–∫–æ –º–æ–∂–Ω–æ —É–¥–∞–ª–∏—Ç—å –æ–≥—Ä–∞–Ω–∏—á–µ–Ω–∏–µ applications_pk_2 –≤ –æ—Ç–Ω–æ—à–µ–Ω–∏–∏ —Ç–∞–±–ª–∏—Ü–∞ bstu.applications.
2019-11-02 15:32:42.465 MSK [11128] –û–ü–ï–†–ê–¢–û–†:  drop index bstu.applications_pk_2
2019-11-02 15:44:28.216 MSK [11128] –û–®–ò–ë–ö–ê:  —É–¥–∞–ª–∏—Ç—å –æ–±—ä–µ–∫—Ç –∏–Ω–¥–µ–∫—Å bstu.applications_pk_2 –Ω–µ–ª—å–∑—è, —Ç–∞–∫ –∫–∞–∫ –æ–Ω –Ω—É–∂–µ–Ω –æ–±—ä–µ–∫—Ç—É –æ–≥—Ä–∞–Ω–∏—á–µ–Ω–∏–µ applications_pk_2 –≤ –æ—Ç–Ω–æ—à–µ–Ω–∏–∏ —Ç–∞–±–ª–∏—Ü–∞ bstu.applications
2019-11-02 15:44:28.216 MSK [11128] –ü–û–î–°–ö–ê–ó–ö–ê:  –û–¥–Ω–∞–∫–æ –º–æ–∂–Ω–æ —É–¥–∞–ª–∏—Ç—å –æ–≥—Ä–∞–Ω–∏—á–µ–Ω–∏–µ applications_pk_2 –≤ –æ—Ç–Ω–æ—à–µ–Ω–∏–∏ —Ç–∞–±–ª–∏—Ü–∞ bstu.applications.
2019-11-02 15:44:28.216 MSK [11128] –û–ü–ï–†–ê–¢–û–†:  drop index bstu.applications_pk_2
2019-11-02 15:44:54.881 MSK [11128] –û–®–ò–ë–ö–ê:  —É–¥–∞–ª–∏—Ç—å –æ–±—ä–µ–∫—Ç –∏–Ω–¥–µ–∫—Å bstu.applications_pk_2 –Ω–µ–ª—å–∑—è, —Ç–∞–∫ –∫–∞–∫ –æ–Ω –Ω—É–∂–µ–Ω –æ–±—ä–µ–∫—Ç—É –æ–≥—Ä–∞–Ω–∏—á–µ–Ω–∏–µ applications_pk_2 –≤ –æ—Ç–Ω–æ—à–µ–Ω–∏–∏ —Ç–∞–±–ª–∏—Ü–∞ bstu.applications
2019-11-02 15:44:54.881 MSK [11128] –ü–û–î–°–ö–ê–ó–ö–ê:  –û–¥–Ω–∞–∫–æ –º–æ–∂–Ω–æ —É–¥–∞–ª–∏—Ç—å –æ–≥—Ä–∞–Ω–∏—á–µ–Ω–∏–µ applications_pk_2 –≤ –æ—Ç–Ω–æ—à–µ–Ω–∏–∏ —Ç–∞–±–ª–∏—Ü–∞ bstu.applications.
2019-11-02 15:44:54.881 MSK [11128] –û–ü–ï–†–ê–¢–û–†:  drop index bstu.applications_pk_2
2019-11-02 15:45:18.394 MSK [11128] –û–®–ò–ë–ö–ê:  —É–¥–∞–ª–∏—Ç—å –æ–±—ä–µ–∫—Ç –∏–Ω–¥–µ–∫—Å bstu.applications_pk_2 –Ω–µ–ª—å–∑—è, —Ç–∞–∫ –∫–∞–∫ –æ–Ω –Ω—É–∂–µ–Ω –æ–±—ä–µ–∫—Ç—É –æ–≥—Ä–∞–Ω–∏—á–µ–Ω–∏–µ applications_pk_2 –≤ –æ—Ç–Ω–æ—à–µ–Ω–∏–∏ —Ç–∞–±–ª–∏—Ü–∞ bstu.applications
2019-11-02 15:45:18.394 MSK [11128] –ü–û–î–°–ö–ê–ó–ö–ê:  –û–¥–Ω–∞–∫–æ –º–æ–∂–Ω–æ —É–¥–∞–ª–∏—Ç—å –æ–≥—Ä–∞–Ω–∏—á–µ–Ω–∏–µ applications_pk_2 –≤ –æ—Ç–Ω–æ—à–µ–Ω–∏–∏ —Ç–∞–±–ª–∏—Ü–∞ bstu.applications.
2019-11-02 15:45:18.394 MSK [11128] –û–ü–ï–†–ê–¢–û–†:  drop index bstu.applications_pk_2
2019-11-02 15:46:07.083 MSK [11128] –û–®–ò–ë–ö–ê:  —É–¥–∞–ª–∏—Ç—å –æ–±—ä–µ–∫—Ç –∏–Ω–¥–µ–∫—Å bstu.applications_pk_2 –Ω–µ–ª—å–∑—è, —Ç–∞–∫ –∫–∞–∫ –æ–Ω –Ω—É–∂–µ–Ω –æ–±—ä–µ–∫—Ç—É –æ–≥—Ä–∞–Ω–∏—á–µ–Ω–∏–µ applications_pk_2 –≤ –æ—Ç–Ω–æ—à–µ–Ω–∏–∏ —Ç–∞–±–ª–∏—Ü–∞ bstu.applications
2019-11-02 15:46:07.083 MSK [11128] –ü–û–î–°–ö–ê–ó–ö–ê:  –û–¥–Ω–∞–∫–æ –º–æ–∂–Ω–æ —É–¥–∞–ª–∏—Ç—å –æ–≥—Ä–∞–Ω–∏—á–µ–Ω–∏–µ applications_pk_2 –≤ –æ—Ç–Ω–æ—à–µ–Ω–∏–∏ —Ç–∞–±–ª–∏—Ü–∞ bstu.applications.
2019-11-02 15:46:07.083 MSK [11128] –û–ü–ï–†–ê–¢–û–†:  drop index bstu.applications_pk_2
2019-11-02 15:46:10.085 MSK [11128] –û–®–ò–ë–ö–ê:  —É–¥–∞–ª–∏—Ç—å –æ–±—ä–µ–∫—Ç –∏–Ω–¥–µ–∫—Å bstu.applications_pk_2 –Ω–µ–ª—å–∑—è, —Ç–∞–∫ –∫–∞–∫ –æ–Ω –Ω—É–∂–µ–Ω –æ–±—ä–µ–∫—Ç—É –æ–≥—Ä–∞–Ω–∏—á–µ–Ω–∏–µ applications_pk_2 –≤ –æ—Ç–Ω–æ—à–µ–Ω–∏–∏ —Ç–∞–±–ª–∏—Ü–∞ bstu.applications
2019-11-02 15:46:10.085 MSK [11128] –ü–û–î–°–ö–ê–ó–ö–ê:  –û–¥–Ω–∞–∫–æ –º–æ–∂–Ω–æ —É–¥–∞–ª–∏—Ç—å –æ–≥—Ä–∞–Ω–∏—á–µ–Ω–∏–µ applications_pk_2 –≤ –æ—Ç–Ω–æ—à–µ–Ω–∏–∏ —Ç–∞–±–ª–∏—Ü–∞ bstu.applications.
2019-11-02 15:46:10.085 MSK [11128] –û–ü–ï–†–ê–¢–û–†:  drop index bstu.applications_pk_2
2019-11-02 16:16:50.534 MSK [5484] –û–®–ò–ë–ö–ê:  —É–¥–∞–ª–∏—Ç—å –æ–±—ä–µ–∫—Ç –∏–Ω–¥–µ–∫—Å bstu.applications_pk_2 –Ω–µ–ª—å–∑—è, —Ç–∞–∫ –∫–∞–∫ –æ–Ω –Ω—É–∂–µ–Ω –æ–±—ä–µ–∫—Ç—É –æ–≥—Ä–∞–Ω–∏—á–µ–Ω–∏–µ applications_pk_2 –≤ –æ—Ç–Ω–æ—à–µ–Ω–∏–∏ —Ç–∞–±–ª–∏—Ü–∞ bstu.applications
2019-11-02 16:16:50.534 MSK [5484] –ü–û–î–°–ö–ê–ó–ö–ê:  –û–¥–Ω–∞–∫–æ –º–æ–∂–Ω–æ —É–¥–∞–ª–∏—Ç—å –æ–≥—Ä–∞–Ω–∏—á–µ–Ω–∏–µ applications_pk_2 –≤ –æ—Ç–Ω–æ—à–µ–Ω–∏–∏ —Ç–∞–±–ª–∏—Ü–∞ bstu.applications.
2019-11-02 16:16:50.534 MSK [5484] –û–ü–ï–†–ê–¢–û–†:  drop index bstu.applications_pk_2
